
Showing logs for build [32mcb-kubecd-environment-pr-201-7-8w2xm-1[0m stage [32mfrom-build-pack[0m and container [32mstep-credential-initializer-wggtd[0m
{"level":"warn","ts":1586954374.1206474,"logger":"fallback-logger","caller":"logging/config.go:69","msg":"Fetch GitHub commit ID from kodata failed: \"ref: refs/heads/0.8.0-**-support-backwards-incompats\" is not a valid GitHub commit ID"}
{"level":"info","ts":1586954374.1211798,"logger":"fallback-logger","caller":"creds-init/main.go:40","msg":"Credentials initialized."}

Showing logs for build [32mcb-kubecd-environment-pr-201-7-8w2xm-1[0m stage [32mfrom-build-pack[0m and container [32mstep-working-dir-initializer-bhdfm[0m
{"level":"warn","ts":1586954374.8300278,"logger":"fallback-logger","caller":"logging/config.go:69","msg":"Fetch GitHub commit ID from kodata failed: open /var/run/ko/HEAD: no such file or directory"}
{"level":"info","ts":1586954374.8319645,"logger":"fallback-logger","caller":"bash/main.go:64","msg":"Successfully executed command \"sh -c mkdir -p /workspace/source\"; output "}

Showing logs for build [32mcb-kubecd-environment-pr-201-7-8w2xm-1[0m stage [32mfrom-build-pack[0m and container [32mstep-place-tools[0m

Showing logs for build [32mcb-kubecd-environment-pr-201-7-8w2xm-1[0m stage [32mfrom-build-pack[0m and container [32mstep-git-source-cb-kubecd-environment-pr-201-7-8w2xm-nm6dx[0m
{"level":"warn","ts":1586954378.0593956,"logger":"fallback-logger","caller":"logging/config.go:69","msg":"Fetch GitHub commit ID from kodata failed: \"ref: refs/heads/0.8.0-**-support-backwards-incompats\" is not a valid GitHub commit ID"}
{"level":"info","ts":1586954379.104123,"logger":"fallback-logger","caller":"git/git.go:103","msg":"Successfully cloned https://github.com/cb-kubecd/environment-pr-201-7-boot-vault-gke-staging.git @ master in path /workspace/source"}

Showing logs for build [32mcb-kubecd-environment-pr-201-7-8w2xm-1[0m stage [32mfrom-build-pack[0m and container [32mstep-git-merge[0m
Using SHAs from PULL_REFS=master:df8b6af2e340533a8ce6a8b1e6ec81fc722ca30b,1:455f0b7c974006c9c148191843ba572e99b4d1f7
DEBUG: JX_LOG_LEVEL=error LC_ALL=C git fetch origin --unshallow 455f0b7c974006c9c148191843ba572e99b4d1f7: df8b6af2e340533a8ce6a8b1e6ec81fc722ca30b:
DEBUG: ran git fetch --unshallow origin 455f0b7c974006c9c148191843ba572e99b4d1f7: df8b6af2e340533a8ce6a8b1e6ec81fc722ca30b: in 
DEBUG: LC_ALL=C JX_LOG_LEVEL=error git branch
DEBUG: LC_ALL=C JX_LOG_LEVEL=error git checkout master
DEBUG: ran git checkout master in 
DEBUG: LC_ALL=C JX_LOG_LEVEL=error git reset --hard df8b6af2e340533a8ce6a8b1e6ec81fc722ca30b
DEBUG: ran git reset --hard df8b6af2e340533a8ce6a8b1e6ec81fc722ca30b in 
DEBUG: LC_ALL=C JX_LOG_LEVEL=error git clean -fd .
DEBUG: ran clean --force -d . in 
DEBUG: LC_ALL=C JX_LOG_LEVEL=error git merge 455f0b7c974006c9c148191843ba572e99b4d1f7
DEBUG: ran git merge 455f0b7c974006c9c148191843ba572e99b4d1f7 in 
DEBUG: LC_ALL=C JX_LOG_LEVEL=error git log --format=%H%x1f%an%x1f%ae%x1f%cn%x1f%ce%x1f%s%n%b%x1e df8b6af2e340533a8ce6a8b1e6ec81fc722ca30b..HEAD
Merged SHA 455f0b7c974006c9c148191843ba572e99b4d1f7 with commit message 'chore: Promote bdd-spring-1586953936 to version 0.0.1' into base branch master

Showing logs for build [32mcb-kubecd-environment-pr-201-7-8w2xm-1[0m stage [32mfrom-build-pack[0m and container [32mstep-build-helm-build[0m
WARNING: No $CHART_REPOSITORY defined so using the default value of: http://jenkins-x-chartmuseum:8080
Adding missing Helm repo: storage.googleapis.com https://storage.googleapis.com/chartmuseum.jenkins-x.io
WARNING: No secrets found on "helm/repos" due: reading the secret "helm/repos" from vault: no secret "helm/repos" not found in vault
Read credentials for https://storage.googleapis.com/chartmuseum.jenkins-x.io from vault helm/repos
Successfully added Helm repository storage.googleapis.com.
Adding missing Helm repo: jenkins-x-chartmuseum http://jenkins-x-chartmuseum:8080
WARNING: No secrets found on "helm/repos" due: reading the secret "helm/repos" from vault: no secret "helm/repos" not found in vault
Read credentials for http://jenkins-x-chartmuseum:8080 from vault helm/repos
Successfully added Helm repository jenkins-x-chartmuseum.
WARNING: No $CHART_REPOSITORY defined so using the default value of: http://jenkins-x-chartmuseum:8080
Adding missing Helm repo: chartmuseum.jenkins-x.io http://chartmuseum.jenkins-x.io
WARNING: No secrets found on "helm/repos" due: reading the secret "helm/repos" from vault: no secret "helm/repos" not found in vault
Read credentials for http://chartmuseum.jenkins-x.io from vault helm/repos
Successfully added Helm repository chartmuseum.jenkins-x.io.
